[LOG] System::create                           : Header version = 2.01.09. Current version = 2.01.09.
[LOG] Manager::init                            : maxchannels = 256 studioflags = 00000006 flags 00000000 extradriverdata 0000000000000000.
[LOG] SystemI::init                            : Initialize version=20109 (115889), maxchannels=256, flags=0x00020000
[LOG] SystemI::setOutputInternal               : Setting output to 'FMOD WASAPI Output'
[LOG] OutputWASAPI::init                       : Mix Format (WAVEFORMATEX): wFormatTag=0xFFFE, nChannels=2, nSamplesPerSec=48000, nAvgBytesPerSec=384000, nBlockAlign=8, wBitsPerSample=32, cbSize=22.
[LOG] OutputWASAPI::init                       : Mix Format (WAVEFORMATEXTENSIBLE): wValidBitsPerSample=32, dwChannelMask=0x00000003, SubFormat=00000003-0000-0010-8000-00AA00389B71.
[LOG] OutputWASAPI::init                       : Output buffer size: 4096 samples, latency: 0.00ms, period: 10.00ms, DSP buffer: 1024 * 4
[LOG] Thread::initThread                       : Init FMOD stream thread. Affinity: 0x8000000000000003, Priority: 0xFFFF7FFB, Stack Size: 98304, Semaphore: No, Sleep Time: 10, Looping: Yes.
[LOG] Thread::initThread                       : Init FMOD mixer thread. Affinity: 0x8000000000000001, Priority: 0xFFFF7FFA, Stack Size: 81920, Semaphore: No, Sleep Time: 0, Looping: Yes.
[LOG] AsyncManager::init                       : manager 000001B92694C1C8 isAsync 0 updatePeriod 0.02
[LOG] AsyncManager::init                       : done
[LOG] PlaybackSystem::init                     : 
[LOG] Thread::initThread                       : Init FMOD Studio sample load thread. Affinity: 0x8000000000000003, Priority: 0xFFFF7FFD, Stack Size: 98304, Semaphore: No, Sleep Time: 1, Looping: No.
[LOG] PlaybackSystem::init                     : done
[LOG] Thread::initThread                       : Init FMOD Studio bank load thread. Affinity: 0x8000000000000003, Priority: 0xFFFF7FFD, Stack Size: 98304, Semaphore: No, Sleep Time: 1, Looping: No.
[LOG] Manager::init                            : done.
[LOG] Manager::readBank                        : fileversion = 135, compatVersion = 132 (oldest = 44, newest = 135)
[LOG] Manager::readBank                        : fileversion = 135, compatVersion = 132 (oldest = 44, newest = 135)
[LOG] SoundI::release                          : E.Guitar_Mastered_Rewild (000001B926FD7ED8)
[LOG] SoundI::release                          :     E.Guitar_Mastered_Rewild (000001B85F072448)
[LOG] SoundI::release                          :     E.Guitar_Mastered_Rewild (000001B926FDB4D8)
[LOG] SoundI::release                          : Drums_Mastered_Rewild (000001B926FD5D18)
[LOG] SoundI::release                          :     Drums_Mastered_Rewild (000001B85F0722A8)
[LOG] SoundI::release                          :     Drums_Mastered_Rewild (000001B926FDB9E8)
[LOG] SoundI::release                          : Dulcimer_Mastered_Rewild (000001B926FD59B8)
[LOG] SoundI::release                          :     Dulcimer_Mastered_Rewild (000001B85F071DC8)
[LOG] SoundI::release                          :     Dulcimer_Mastered_Rewild (000001B926FDAC68)
[LOG] SoundI::release                          : Flute_Mastered_Rewild (000001B926FD6A98)
[LOG] SoundI::release                          :     Flute_Mastered_Rewild (000001B85F071C28)
[LOG] SoundI::release                          :     Flute_Mastered_Rewild (000001B926FDBD48)
[LOG] SoundI::release                          : Ambience, Rural, Insects, Bee, Birds SND0510 (000001B926FD63D8)
[LOG] SoundI::release                          :     Ambience, Rural, Insects, Bee, Birds SND0510 (000001B85F0718E8)
[LOG] SoundI::release                          :     Ambience, Rural, Insects, Bee, Birds SND0510 (000001B926FDB688)
[LOG] SoundI::release                          : Wind Base (Loop) (000001B926FDA098)
[LOG] SoundI::release                          :     Wind Base (Loop) (000001B85F0732E8)
[LOG] SoundI::release                          :     Wind Base (Loop) (000001B926FDB838)
[LOG] SoundI::release                          :  (000001B91B91DE68)
[LOG] SoundI::release                          :     Clear6 (000001B85F0710C8)
[LOG] SoundI::release                          :  (000001B91B91D178)
[LOG] SoundI::release                          :     Clear7 (000001B85F071F68)
[LOG] SoundI::release                          :  (000001B91B91D458)
[LOG] SoundI::release                          :     Clear8 (000001B85F074328)
[LOG] SoundI::release                          :  (000001B91B91D2E8)
[LOG] SoundI::release                          :     Clear1 (000001B85F073FE8)
[LOG] SoundI::release                          :  (000001B91B91E9E8)
[LOG] SoundI::release                          :     Clear2 (000001B85F072788)
[LOG] SoundI::release                          :  (000001B91B91E428)
[LOG] SoundI::release                          :     Clear3 (000001B85F072108)
[LOG] Thread::callback                         : FMOD Studio update thread finished.
[LOG] Thread::callback                         : FMOD Studio bank load thread finished.
[LOG] Profile::disconnectAll                   : Profiler disconnecting all clients
[LOG] Thread::callback                         : FMOD Studio sample load thread finished.
[LOG] LiveUpdate::release                      : 
[LOG] LiveUpdate::reset                        : Reset connection (reason Disconnected)
[LOG] Thread::callback                         : FMOD stream thread finished.
[LOG] Thread::callback                         : FMOD mixer thread finished.
[LOG] Profile::disconnectAll                   : Profiler disconnecting all clients
[LOG] SystemI::close                           : Closed.
